# JRE version: Java(TM) SE Runtime Environment (8.0_45-b14) (build 1.8.0_45-b14)
# Java VM: Java HotSpot(TM) 64-Bit Server VM (25.45-b02 mixed mode linux-amd64 compressed oops)
Heap:
 PSYoungGen      total 133120K, used 4643K [0x00000000ebb80000, 0x00000000f4380000, 0x0000000100000000)
  eden space 126976K, 0% used [0x00000000ebb80000,0x00000000ebb80000,0x00000000f3780000)
  from space 6144K, 75% used [0x00000000f3780000,0x00000000f3c08f38,0x00000000f3d80000)
  to   space 5632K, 0% used [0x00000000f3e00000,0x00000000f3e00000,0x00000000f4380000)
 ParOldGen       total 42496K, used 9822K [0x00000000c3200000, 0x00000000c5b80000, 0x00000000ebb80000)
  object space 42496K, 23% used [0x00000000c3200000,0x00000000c3b979b8,0x00000000c5b80000)
 Metaspace       used 18350K, capacity 21133K, committed 21296K, reserved 1064960K
  class space    used 4102K, capacity 4911K, committed 4912K, reserved 1048576K
GC Heap History (10 events):
Event: 1.145 GC heap after
Heap after GC invocations=2 (full 0):
 PSYoungGen      total 34304K, used 2544K [0x00000000ebb80000, 0x00000000edf80000, 0x0000000100000000)
  eden space 31744K, 0% used [0x00000000ebb80000,0x00000000ebb80000,0x00000000eda80000)
  from space 2560K, 99% used [0x00000000edd00000,0x00000000edf7c010,0x00000000edf80000)
  to   space 2560K, 0% used [0x00000000eda80000,0x00000000eda80000,0x00000000edd00000)
 ParOldGen       total 42496K, used 2032K [0x00000000c3200000, 0x00000000c5b80000, 0x00000000ebb80000)
  object space 42496K, 4% used [0x00000000c3200000,0x00000000c33fc2a8,0x00000000c5b80000)
 Metaspace       used 8436K, capacity 9377K, committed 9600K, reserved 1056768K
  class space    used 1570K, capacity 1616K, committed 1664K, reserved 1048576K
}
Event: 1.742 GC heap before
{Heap before GC invocations=3 (full 0):
 PSYoungGen      total 34304K, used 34288K [0x00000000ebb80000, 0x00000000edf80000, 0x0000000100000000)
  eden space 31744K, 100% used [0x00000000ebb80000,0x00000000eda80000,0x00000000eda80000)
  from space 2560K, 99% used [0x00000000edd00000,0x00000000edf7c010,0x00000000edf80000)
  to   space 2560K, 0% used [0x00000000eda80000,0x00000000eda80000,0x00000000edd00000)
 ParOldGen       total 42496K, used 2032K [0x00000000c3200000, 0x00000000c5b80000, 0x00000000ebb80000)
  object space 42496K, 4% used [0x00000000c3200000,0x00000000c33fc2a8,0x00000000c5b80000)
 Metaspace       used 12226K, capacity 12429K, committed 12672K, reserved 1058816K
  class space    used 2293K, capacity 2372K, committed 2432K, reserved 1048576K
Event: 1.754 GC heap after
Heap after GC invocations=3 (full 0):
 PSYoungGen      total 34304K, used 2544K [0x00000000ebb80000, 0x00000000efe80000, 0x0000000100000000)
  eden space 31744K, 0% used [0x00000000ebb80000,0x00000000ebb80000,0x00000000eda80000)
  from space 2560K, 99% used [0x00000000eda80000,0x00000000edcfc030,0x00000000edd00000)
  to   space 2560K, 0% used [0x00000000efc00000,0x00000000efc00000,0x00000000efe80000)
 ParOldGen       total 42496K, used 5860K [0x00000000c3200000, 0x00000000c5b80000, 0x00000000ebb80000)
  object space 42496K, 13% used [0x00000000c3200000,0x00000000c37b91f0,0x00000000c5b80000)
 Metaspace       used 12226K, capacity 12429K, committed 12672K, reserved 1058816K
  class space    used 2293K, capacity 2372K, committed 2432K, reserved 1048576K
}
Event: 2.333 GC heap before
{Heap before GC invocations=4 (full 0):
 PSYoungGen      total 34304K, used 34288K [0x00000000ebb80000, 0x00000000efe80000, 0x0000000100000000)
  eden space 31744K, 100% used [0x00000000ebb80000,0x00000000eda80000,0x00000000eda80000)
  from space 2560K, 99% used [0x00000000eda80000,0x00000000edcfc030,0x00000000edd00000)
  to   space 2560K, 0% used [0x00000000efc00000,0x00000000efc00000,0x00000000efe80000)
 ParOldGen       total 42496K, used 5860K [0x00000000c3200000, 0x00000000c5b80000, 0x00000000ebb80000)
  object space 42496K, 13% used [0x00000000c3200000,0x00000000c37b91f0,0x00000000c5b80000)
 Metaspace       used 14162K, capacity 14541K, committed 14720K, reserved 1060864K
  class space    used 2764K, capacity 2879K, committed 2944K, reserved 1048576K
Event: 2.344 GC heap after
Heap after GC invocations=4 (full 0):
 PSYoungGen      total 66048K, used 2544K [0x00000000ebb80000, 0x00000000efe80000, 0x0000000100000000)
  eden space 63488K, 0% used [0x00000000ebb80000,0x00000000ebb80000,0x00000000ef980000)
  from space 2560K, 99% used [0x00000000efc00000,0x00000000efe7c030,0x00000000efe80000)
  to   space 2560K, 0% used [0x00000000ef980000,0x00000000ef980000,0x00000000efc00000)
 ParOldGen       total 42496K, used 7948K [0x00000000c3200000, 0x00000000c5b80000, 0x00000000ebb80000)
  object space 42496K, 18% used [0x00000000c3200000,0x00000000c39c3298,0x00000000c5b80000)
 Metaspace       used 14162K, capacity 14541K, committed 14720K, reserved 1060864K
  class space    used 2764K, capacity 2879K, committed 2944K, reserved 1048576K
}
Event: 3.088 GC heap before
{Heap before GC invocations=5 (full 0):
 PSYoungGen      total 66048K, used 66032K [0x00000000ebb80000, 0x00000000efe80000, 0x0000000100000000)
  eden space 63488K, 100% used [0x00000000ebb80000,0x00000000ef980000,0x00000000ef980000)
  from space 2560K, 99% used [0x00000000efc00000,0x00000000efe7c030,0x00000000efe80000)
  to   space 2560K, 0% used [0x00000000ef980000,0x00000000ef980000,0x00000000efc00000)
 ParOldGen       total 42496K, used 7948K [0x00000000c3200000, 0x00000000c5b80000, 0x00000000ebb80000)
  object space 42496K, 18% used [0x00000000c3200000,0x00000000c39c3298,0x00000000c5b80000)
 Metaspace       used 14918K, capacity 15879K, committed 16000K, reserved 1062912K
  class space    used 3025K, capacity 3353K, committed 3456K, reserved 1048576K
Event: 3.098 GC heap after
Heap after GC invocations=5 (full 0):
 PSYoungGen      total 66048K, used 2544K [0x00000000ebb80000, 0x00000000f4480000, 0x0000000100000000)
  eden space 63488K, 0% used [0x00000000ebb80000,0x00000000ebb80000,0x00000000ef980000)
  from space 2560K, 99% used [0x00000000ef980000,0x00000000efbfc010,0x00000000efc00000)
  to   space 6656K, 0% used [0x00000000f3e00000,0x00000000f3e00000,0x00000000f4480000)
 ParOldGen       total 42496K, used 8688K [0x00000000c3200000, 0x00000000c5b80000, 0x00000000ebb80000)
  object space 42496K, 20% used [0x00000000c3200000,0x00000000c3a7c0c0,0x00000000c5b80000)
 Metaspace       used 14918K, capacity 15879K, committed 16000K, reserved 1062912K
  class space    used 3025K, capacity 3353K, committed 3456K, reserved 1048576K
}
Event: 3.783 GC heap before
{Heap before GC invocations=6 (full 0):
 PSYoungGen      total 66048K, used 66032K [0x00000000ebb80000, 0x00000000f4480000, 0x0000000100000000)
  eden space 63488K, 100% used [0x00000000ebb80000,0x00000000ef980000,0x00000000ef980000)
  from space 2560K, 99% used [0x00000000ef980000,0x00000000efbfc010,0x00000000efc00000)
  to   space 6656K, 0% used [0x00000000f3e00000,0x00000000f3e00000,0x00000000f4480000)
 ParOldGen       total 42496K, used 8688K [0x00000000c3200000, 0x00000000c5b80000, 0x00000000ebb80000)
  object space 42496K, 20% used [0x00000000c3200000,0x00000000c3a7c0c0,0x00000000c5b80000)
 Metaspace       used 16007K, capacity 17557K, committed 17792K, reserved 1062912K
  class space    used 3380K, capacity 3895K, committed 3968K, reserved 1048576K
Event: 3.795 GC heap after
Heap after GC invocations=6 (full 0):
 PSYoungGen      total 132608K, used 3760K [0x00000000ebb80000, 0x00000000f4380000, 0x0000000100000000)
  eden space 126976K, 0% used [0x00000000ebb80000,0x00000000ebb80000,0x00000000f3780000)
  from space 5632K, 66% used [0x00000000f3e00000,0x00000000f41ac3c0,0x00000000f4380000)
  to   space 6144K, 0% used [0x00000000f3780000,0x00000000f3780000,0x00000000f3d80000)
 ParOldGen       total 42496K, used 8688K [0x00000000c3200000, 0x00000000c5b80000, 0x00000000ebb80000)
  object space 42496K, 20% used [0x00000000c3200000,0x00000000c3a7c0c0,0x00000000c5b80000)
 Metaspace       used 16007K, capacity 17557K, committed 17792K, reserved 1062912K
  class space    used 3380K, capacity 3895K, committed 3968K, reserved 1048576K
}
Event: 4.894 GC heap before
{Heap before GC invocations=7 (full 0):
 PSYoungGen      total 132608K, used 105406K [0x00000000ebb80000, 0x00000000f4380000, 0x0000000100000000)
  eden space 126976K, 80% used [0x00000000ebb80000,0x00000000f1ec3518,0x00000000f3780000)
  from space 5632K, 66% used [0x00000000f3e00000,0x00000000f41ac3c0,0x00000000f4380000)
  to   space 6144K, 0% used [0x00000000f3780000,0x00000000f3780000,0x00000000f3d80000)
 ParOldGen       total 42496K, used 8688K [0x00000000c3200000, 0x00000000c5b80000, 0x00000000ebb80000)
  object space 42496K, 20% used [0x00000000c3200000,0x00000000c3a7c0c0,0x00000000c5b80000)
 Metaspace       used 18350K, capacity 21133K, committed 21296K, reserved 1064960K
  class space    used 4102K, capacity 4911K, committed 4912K, reserved 1048576K

